[2023-01-02T21:11:25.370450+01:00] Eventos de usuario.INFO: Iniciado el script [] []
[2023-01-02T21:11:25.404122+01:00] Eventos de usuario.WARNING: Registramos un warning [] []
[2023-01-02T21:11:25.404189+01:00] Eventos de usuario.ERROR: Registramos un error [] []
[2023-01-02T21:13:19.764831+01:00] Eventos de usuario.INFO: Iniciado el script [] []
[2023-01-02T21:13:19.766683+01:00] Eventos de usuario.WARNING: Registramos un warning [] []
[2023-01-02T21:13:19.766754+01:00] Eventos de usuario.ERROR: Registramos un error [] []
[2023-01-08T01:50:49.691623+01:00] Eventos de usuario.INFO: Iniciado el script [] []
[2023-01-08T01:50:49.745257+01:00] Eventos de usuario.WARNING: Registramos un warning [] []
[2023-01-08T01:50:49.745578+01:00] Eventos de usuario.ERROR: Registramos un error [] []
[2023-01-08T01:51:36.693574+01:00] Eventos de usuario.INFO: Iniciado el script [] []
[2023-01-08T01:51:36.695587+01:00] Eventos de usuario.WARNING: Registramos un warning [] []
[2023-01-08T01:51:36.695636+01:00] Eventos de usuario.ERROR: Registramos un error [] []
[2023-01-08T01:51:38.154512+01:00] Eventos de usuario.INFO: Iniciado el script [] []
[2023-01-08T01:51:38.155765+01:00] Eventos de usuario.WARNING: Registramos un warning [] []
[2023-01-08T01:51:38.155806+01:00] Eventos de usuario.ERROR: Registramos un error [] []
[2023-01-08T01:51:38.859922+01:00] Eventos de usuario.INFO: Iniciado el script [] []
[2023-01-08T01:51:38.861739+01:00] Eventos de usuario.WARNING: Registramos un warning [] []
[2023-01-08T01:51:38.861809+01:00] Eventos de usuario.ERROR: Registramos un error [] []
[2023-01-08T01:51:39.500890+01:00] Eventos de usuario.INFO: Iniciado el script [] []
[2023-01-08T01:51:39.502138+01:00] Eventos de usuario.WARNING: Registramos un warning [] []
[2023-01-08T01:51:39.502181+01:00] Eventos de usuario.ERROR: Registramos un error [] []
[2023-01-08T01:51:40.159057+01:00] Eventos de usuario.INFO: Iniciado el script [] []
[2023-01-08T01:51:40.160326+01:00] Eventos de usuario.WARNING: Registramos un warning [] []
[2023-01-08T01:51:40.160368+01:00] Eventos de usuario.ERROR: Registramos un error [] []
[2023-01-08T01:51:40.380280+01:00] Eventos de usuario.INFO: Iniciado el script [] []
[2023-01-08T01:51:40.381651+01:00] Eventos de usuario.WARNING: Registramos un warning [] []
[2023-01-08T01:51:40.381699+01:00] Eventos de usuario.ERROR: Registramos un error [] []
[2023-01-08T01:51:40.734139+01:00] Eventos de usuario.INFO: Iniciado el script [] []
[2023-01-08T01:51:40.735397+01:00] Eventos de usuario.WARNING: Registramos un warning [] []
[2023-01-08T01:51:40.735438+01:00] Eventos de usuario.ERROR: Registramos un error [] []
[2023-01-08T01:51:40.973454+01:00] Eventos de usuario.INFO: Iniciado el script [] []
[2023-01-08T01:51:40.974866+01:00] Eventos de usuario.WARNING: Registramos un warning [] []
[2023-01-08T01:51:40.974911+01:00] Eventos de usuario.ERROR: Registramos un error [] []
[2023-01-08T01:51:41.307705+01:00] Eventos de usuario.INFO: Iniciado el script [] []
[2023-01-08T01:51:41.308985+01:00] Eventos de usuario.WARNING: Registramos un warning [] []
[2023-01-08T01:51:41.309027+01:00] Eventos de usuario.ERROR: Registramos un error [] []
[2023-01-08T01:51:41.533316+01:00] Eventos de usuario.INFO: Iniciado el script [] []
[2023-01-08T01:51:41.534681+01:00] Eventos de usuario.WARNING: Registramos un warning [] []
[2023-01-08T01:51:41.534730+01:00] Eventos de usuario.ERROR: Registramos un error [] []
[2023-01-08T01:51:44.750456+01:00] Eventos de usuario.INFO: Iniciado el script [] []
[2023-01-08T01:51:44.751937+01:00] Eventos de usuario.WARNING: Registramos un warning [] []
[2023-01-08T01:51:44.751987+01:00] Eventos de usuario.ERROR: Registramos un error [] []
[2023-01-08T01:52:56.988136+01:00] Eventos de usuario.INFO: Iniciado el script [] []
[2023-01-08T01:52:56.989657+01:00] Eventos de usuario.WARNING: Registramos un warning [] []
[2023-01-08T01:52:56.989698+01:00] Eventos de usuario.ERROR: Registramos un error [] []
[2023-01-08T20:57:20.060174+01:00] Eventos de usuario.INFO: El usuario se ha autenticado [] []
[2023-01-08T20:58:18.661260+01:00] Eventos de usuario.INFO: ha intentado realizar una autenticación sin éxito [] []
[2023-01-08T20:58:52.356889+01:00] Eventos de usuario.INFO: El usuario se ha autenticado [] []
[2023-01-08T21:01:17.475180+01:00] Eventos de usuario.INFO: P00001ha intentado realizar una autenticación sin éxito [] []
[2023-01-08T21:03:13.611240+01:00] Eventos de usuario.INFO: P00001 ha intentado realizar una autenticación sin éxito [] []
[2023-01-08T21:03:30.540282+01:00] Eventos de usuario.INFO: El usuario P00001 se ha autenticado [] []
[2023-01-08T21:39:13.648896+01:00] Eventos de usuario.INFO: El usuario P00001 se ha autenticado [] []
[2023-01-08T21:43:57.541792+01:00] Eventos de usuario.INFO: El usuario P00001 se ha autenticado [] []
[2023-01-08T21:44:11.827746+01:00] Eventos de usuario.INFO: El usuario P00001 ha cerrado la sesión. [] []
[2023-01-08T21:45:39.511181+01:00] Eventos de usuario.INFO: El usuario P00001 se ha autenticado [] []
[2023-01-08T21:45:50.534574+01:00] Eventos de usuario.INFO: El usuario P00001 ha cerrado la sesión. [] []
[2023-01-09T19:13:02.552116+01:00] Eventos de usuario.INFO: El usuario P00001 se ha autenticado [] []
[2023-01-09T19:47:59.405392+01:00] Eventos de usuario.INFO: El usuario P00001 ha cerrado la sesión. [] []
[2023-01-09T19:48:14.147200+01:00] Eventos de usuario.INFO:  ha intentado realizar una autenticación sin éxito [] []
[2023-01-09T19:49:56.732622+01:00] Eventos de usuario.INFO:  ha intentado realizar una autenticación sin éxito [] []
[2023-01-09T19:50:38.371960+01:00] Eventos de usuario.INFO:  ha intentado realizar una autenticación sin éxito [] []
[2023-01-09T20:01:29.209322+01:00] Eventos de usuario.INFO: El usuario P00001 se ha autenticado [] []
[2023-01-09T20:02:10.122584+01:00] Eventos de usuario.INFO: El usuario P00001 ha cerrado la sesión. [] []
[2023-01-09T20:02:23.104452+01:00] Eventos de usuario.INFO: El usuario P00001 se ha autenticado [] []
[2023-01-09T20:21:16.273159+01:00] Eventos de usuario.INFO: El usuario P00001 ha cerrado la sesión. [] []
[2023-01-09T20:23:19.386555+01:00] Eventos de usuario.INFO: El usuario P00001 se ha autenticado [] []
[2023-01-09T20:23:56.077285+01:00] Eventos de usuario.INFO: El usuario P00001 ha cerrado la sesión. [] []
[2023-01-09T20:24:03.057192+01:00] Eventos de usuario.INFO: El usuario P00001 se ha autenticado [] []
[2023-01-09T20:56:15.985333+01:00] Eventos de usuario.INFO: El usuario P00001 ha cerrado la sesión. [] []
[2023-01-09T20:56:36.859192+01:00] Eventos de usuario.INFO: El usuario P00001 se ha autenticado [] []
[2023-01-09T20:57:46.503724+01:00] Eventos de usuario.INFO: El usuario P00001 ha cerrado la sesión. [] []
[2023-01-09T20:57:55.506059+01:00] Eventos de usuario.INFO: El usuario P00001 se ha autenticado [] []
[2023-01-09T20:59:52.301925+01:00] Eventos de usuario.INFO: El usuario P00001 ha cerrado la sesión. [] []
[2023-01-09T21:03:18.158580+01:00] Eventos de usuario.INFO: El usuario P00001 se ha autenticado [] []
[2023-01-09T21:03:31.336372+01:00] Eventos de usuario.INFO: El usuario P00001 ha cerrado la sesión. [] []
[2023-01-09T21:03:37.477165+01:00] Eventos de usuario.INFO: El usuario P00001 se ha autenticado [] []
[2023-01-09T21:55:15.342477+01:00] Eventos de usuario.INFO: El usuario P00001 ha cerrado la sesión. [] []
[2023-01-09T21:55:22.253641+01:00] Eventos de usuario.INFO: El usuario P00001 se ha autenticado [] []
[2023-01-09T21:58:55.375471+01:00] Eventos de usuario.INFO: El usuario P00001 ha cerrado la sesión. [] []
[2023-01-09T22:00:02.923214+01:00] Eventos de usuario.INFO: El usuario P00001 se ha autenticado [] []
[2023-01-09T22:01:12.150975+01:00] Eventos de usuario.INFO: El usuario P00001 se ha autenticado [] []
[2023-01-09T22:01:24.882590+01:00] Eventos de usuario.INFO: El usuario P00001 se ha autenticado [] []
[2023-01-09T22:02:18.376830+01:00] Eventos de usuario.INFO: El usuario P00001 se ha autenticado [] []
[2023-01-09T22:02:42.889180+01:00] Eventos de usuario.INFO: El usuario P00001 se ha autenticado [] []
[2023-01-09T22:02:57.471609+01:00] Eventos de usuario.INFO: El usuario P00001 ha cerrado la sesión. [] []
[2023-01-09T22:03:15.835893+01:00] Eventos de usuario.INFO: El usuario P00001 se ha autenticado [] []
[2023-01-09T22:03:53.803169+01:00] Eventos de usuario.INFO: El usuario P00001 se ha autenticado [] []
[2023-01-09T22:05:59.353574+01:00] Eventos de usuario.INFO: El usuario P00001 ha cerrado la sesión. [] []
[2023-01-09T22:06:08.047398+01:00] Eventos de usuario.INFO: El usuario P00001 se ha autenticado [] []
[2023-01-09T22:11:33.296538+01:00] Eventos de usuario.INFO: El usuario P00001 se ha autenticado [] []
[2023-01-10T00:04:48.757127+01:00] Eventos de usuario.INFO: El usuario P00001 se ha autenticado [] []
[2023-01-10T00:18:59.129988+01:00] Eventos de usuario.INFO: El usuario P00001 ha cerrado la sesión. [] []
[2023-01-10T00:19:12.907152+01:00] Eventos de usuario.INFO: El usuario P00001 se ha autenticado [] []
[2023-01-10T01:15:30.332418+01:00] Eventos de usuario.INFO: El usuario P00001 se ha autenticado [] []
[2023-01-10T02:01:34.075013+01:00] Eventos de usuario.INFO: El usuario P00001 ha cerrado la sesión. [] []
[2023-01-10T02:01:44.410143+01:00] Eventos de usuario.INFO: El usuario P00001 se ha autenticado [] []
[2023-01-10T02:01:56.941417+01:00] Eventos de usuario.INFO: El usuario P00001 ha cerrado la sesión. [] []
[2023-01-10T02:02:04.795721+01:00] Eventos de usuario.INFO: El usuario P00001 se ha autenticado [] []
[2023-01-10T02:03:18.969209+01:00] Eventos de usuario.INFO: El usuario P00001 ha cerrado la sesión. [] []
[2023-01-10T02:04:32.086983+01:00] Eventos de usuario.INFO: El usuario P00001 se ha autenticado [] []
[2023-01-10T02:04:55.085081+01:00] Eventos de usuario.INFO: El usuario P00001 ha cambiado su password [] []
[2023-01-10T02:05:05.570005+01:00] Eventos de usuario.INFO: El usuario P00001 ha cerrado la sesión. [] []
[2023-01-10T02:05:13.020364+01:00] Eventos de usuario.INFO: P00001 ha intentado realizar una autenticación sin éxito [] []
[2023-01-10T02:05:21.845775+01:00] Eventos de usuario.INFO: El usuario P00001 se ha autenticado [] []
[2023-01-10T02:05:40.878560+01:00] Eventos de usuario.INFO: El usuario P00001 ha cerrado la sesión. [] []
[2023-01-10T02:12:44.082213+01:00] Eventos de usuario.INFO: El usuario P00001 se ha autenticado [] []
[2023-01-10T02:13:03.219583+01:00] Eventos de usuario.INFO: El usuario P00001 ha cambiado su password [] []
[2023-01-10T02:13:12.179444+01:00] Eventos de usuario.INFO: El usuario P00001 ha cerrado la sesión. [] []
[2023-01-10T02:13:18.466530+01:00] Eventos de usuario.INFO: El usuario P00001 se ha autenticado [] []
[2023-01-10T02:13:53.429732+01:00] Eventos de usuario.INFO: El usuario P00001 ha cerrado la sesión. [] []
[2023-01-10T02:13:59.224894+01:00] Eventos de usuario.INFO: El usuario P00001 se ha autenticado [] []
[2023-01-10T02:16:52.818416+01:00] Eventos de usuario.INFO: El usuario P00001 se ha autenticado [] []
[2023-01-10T02:20:22.471405+01:00] Eventos de usuario.INFO: El usuario P00001 se ha autenticado [] []
[2023-01-10T02:22:46.023517+01:00] Eventos de usuario.INFO: El usuario P00001 se ha autenticado [] []
[2023-01-10T02:22:57.575386+01:00] Eventos de usuario.INFO: El usuario P00001 ha cerrado la sesión. [] []
[2023-01-11T19:41:35.213800+01:00] Eventos de usuario.INFO: El usuario P00001 se ha autenticado [] []
[2023-01-11T19:42:24.841782+01:00] Eventos de usuario.INFO: El usuario P00001 ha cerrado la sesión. [] []
